<?xml version="1.0" encoding="UTF-8"?>
<testng-results ignored="0" total="40" passed="40" failed="0" skipped="0">
  <reporter-output>
  </reporter-output>
  <suite started-at="2023-12-12T18:07:24 EST" name="Default suite" finished-at="2023-12-12T18:08:26 EST" duration-ms="62440">
    <groups>
      <group name="cucumber">
        <method signature="AbstractTestNGCucumberTests.runScenario(io.cucumber.testng.PickleWrapper,io.cucumber.testng.FeatureWrapper)[pri:0, instance:TestRunner.MyTestRunner2@55b0dcab]" name="runScenario" class="io.cucumber.testng.AbstractTestNGCucumberTests"/>
      </group> <!-- cucumber -->
    </groups>
    <test started-at="2023-12-12T18:07:24 EST" name="Default test" finished-at="2023-12-12T18:08:26 EST" duration-ms="62440">
      <class name="TestRunner.MyTestRunner2">
        <test-method is-config="true" signature="setUpClass(org.testng.ITestContext)[pri:0, instance:TestRunner.MyTestRunner2@55b0dcab]" started-at="2023-12-12T18:07:24 EST" name="setUpClass" finished-at="2023-12-12T18:07:24 EST" duration-ms="558" status="PASS">
          <params>
            <param index="0">
              <value>
                <![CDATA[org.testng.TestRunner@4be490da]]>
              </value>
            </param>
          </params>
          <reporter-output>
          </reporter-output>
        </test-method> <!-- setUpClass -->
        <test-method signature="runScenario(io.cucumber.testng.PickleWrapper,io.cucumber.testng.FeatureWrapper)[pri:0, instance:TestRunner.MyTestRunner2@55b0dcab]" started-at="2023-12-12T18:07:24 EST" name="runScenario" description="Runs Cucumber Scenarios" data-provider="scenarios" finished-at="2023-12-12T18:07:45 EST" duration-ms="20318" status="PASS">
          <params>
            <param index="0">
              <value>
                <![CDATA["Array Page"]]>
              </value>
            </param>
            <param index="1">
              <value>
                <![CDATA["Array Page Feature"]]>
              </value>
            </param>
          </params>
          <reporter-output>
          </reporter-output>
        </test-method> <!-- runScenario -->
        <test-method signature="runScenario(io.cucumber.testng.PickleWrapper,io.cucumber.testng.FeatureWrapper)[pri:0, instance:TestRunner.MyTestRunner2@55b0dcab]" started-at="2023-12-12T18:07:24 EST" name="runScenario" description="Runs Cucumber Scenarios" data-provider="scenarios" finished-at="2023-12-12T18:07:38 EST" duration-ms="13394" status="PASS">
          <params>
            <param index="0">
              <value>
                <![CDATA["Register form validation"]]>
              </value>
            </param>
            <param index="1">
              <value>
                <![CDATA["Testing home page"]]>
              </value>
            </param>
          </params>
          <reporter-output>
          </reporter-output>
        </test-method> <!-- runScenario -->
        <test-method signature="runScenario(io.cucumber.testng.PickleWrapper,io.cucumber.testng.FeatureWrapper)[pri:0, instance:TestRunner.MyTestRunner2@55b0dcab]" started-at="2023-12-12T18:07:24 EST" name="runScenario" description="Runs Cucumber Scenarios" data-provider="scenarios" finished-at="2023-12-12T18:07:44 EST" duration-ms="19748" status="PASS">
          <params>
            <param index="0">
              <value>
                <![CDATA["DataStructure Page"]]>
              </value>
            </param>
            <param index="1">
              <value>
                <![CDATA["DataStructure Page Feature"]]>
              </value>
            </param>
          </params>
          <reporter-output>
          </reporter-output>
        </test-method> <!-- runScenario -->
        <test-method signature="runScenario(io.cucumber.testng.PickleWrapper,io.cucumber.testng.FeatureWrapper)[pri:0, instance:TestRunner.MyTestRunner2@55b0dcab]" started-at="2023-12-12T18:07:24 EST" name="runScenario" description="Runs Cucumber Scenarios" data-provider="scenarios" finished-at="2023-12-12T18:07:44 EST" duration-ms="19689" status="PASS">
          <params>
            <param index="0">
              <value>
                <![CDATA["Graph Page"]]>
              </value>
            </param>
            <param index="1">
              <value>
                <![CDATA["Graph Page Feature"]]>
              </value>
            </param>
          </params>
          <reporter-output>
          </reporter-output>
        </test-method> <!-- runScenario -->
        <test-method signature="runScenario(io.cucumber.testng.PickleWrapper,io.cucumber.testng.FeatureWrapper)[pri:0, instance:TestRunner.MyTestRunner2@55b0dcab]" started-at="2023-12-12T18:07:24 EST" name="runScenario" description="Runs Cucumber Scenarios" data-provider="scenarios" finished-at="2023-12-12T18:07:38 EST" duration-ms="13946" status="PASS">
          <params>
            <param index="0">
              <value>
                <![CDATA["Array Page"]]>
              </value>
            </param>
            <param index="1">
              <value>
                <![CDATA["Array Page Feature"]]>
              </value>
            </param>
          </params>
          <reporter-output>
          </reporter-output>
        </test-method> <!-- runScenario -->
        <test-method signature="runScenario(io.cucumber.testng.PickleWrapper,io.cucumber.testng.FeatureWrapper)[pri:0, instance:TestRunner.MyTestRunner2@55b0dcab]" started-at="2023-12-12T18:07:24 EST" name="runScenario" description="Runs Cucumber Scenarios" data-provider="scenarios" finished-at="2023-12-12T18:07:37 EST" duration-ms="12066" status="PASS">
          <params>
            <param index="0">
              <value>
                <![CDATA["Array Page"]]>
              </value>
            </param>
            <param index="1">
              <value>
                <![CDATA["Array Page Feature"]]>
              </value>
            </param>
          </params>
          <reporter-output>
          </reporter-output>
        </test-method> <!-- runScenario -->
        <test-method signature="runScenario(io.cucumber.testng.PickleWrapper,io.cucumber.testng.FeatureWrapper)[pri:0, instance:TestRunner.MyTestRunner2@55b0dcab]" started-at="2023-12-12T18:07:24 EST" name="runScenario" description="Runs Cucumber Scenarios" data-provider="scenarios" finished-at="2023-12-12T18:07:38 EST" duration-ms="13678" status="PASS">
          <params>
            <param index="0">
              <value>
                <![CDATA["sign in validation"]]>
              </value>
            </param>
            <param index="1">
              <value>
                <![CDATA["Testing home page"]]>
              </value>
            </param>
          </params>
          <reporter-output>
          </reporter-output>
        </test-method> <!-- runScenario -->
        <test-method signature="runScenario(io.cucumber.testng.PickleWrapper,io.cucumber.testng.FeatureWrapper)[pri:0, instance:TestRunner.MyTestRunner2@55b0dcab]" started-at="2023-12-12T18:07:24 EST" name="runScenario" description="Runs Cucumber Scenarios" data-provider="scenarios" finished-at="2023-12-12T18:07:38 EST" duration-ms="13857" status="PASS">
          <params>
            <param index="0">
              <value>
                <![CDATA["Array Pagesssss"]]>
              </value>
            </param>
            <param index="1">
              <value>
                <![CDATA["Array Page Feature"]]>
              </value>
            </param>
          </params>
          <reporter-output>
          </reporter-output>
        </test-method> <!-- runScenario -->
        <test-method signature="runScenario(io.cucumber.testng.PickleWrapper,io.cucumber.testng.FeatureWrapper)[pri:0, instance:TestRunner.MyTestRunner2@55b0dcab]" started-at="2023-12-12T18:07:24 EST" name="runScenario" description="Runs Cucumber Scenarios" data-provider="scenarios" finished-at="2023-12-12T18:07:44 EST" duration-ms="19708" status="PASS">
          <params>
            <param index="0">
              <value>
                <![CDATA["Graph Page"]]>
              </value>
            </param>
            <param index="1">
              <value>
                <![CDATA["Graph Page Feature"]]>
              </value>
            </param>
          </params>
          <reporter-output>
          </reporter-output>
        </test-method> <!-- runScenario -->
        <test-method signature="runScenario(io.cucumber.testng.PickleWrapper,io.cucumber.testng.FeatureWrapper)[pri:0, instance:TestRunner.MyTestRunner2@55b0dcab]" started-at="2023-12-12T18:07:24 EST" name="runScenario" description="Runs Cucumber Scenarios" data-provider="scenarios" finished-at="2023-12-12T18:07:35 EST" duration-ms="10624" status="PASS">
          <params>
            <param index="0">
              <value>
                <![CDATA["home page"]]>
              </value>
            </param>
            <param index="1">
              <value>
                <![CDATA["Testing home page"]]>
              </value>
            </param>
          </params>
          <reporter-output>
          </reporter-output>
        </test-method> <!-- runScenario -->
        <test-method signature="runScenario(io.cucumber.testng.PickleWrapper,io.cucumber.testng.FeatureWrapper)[pri:0, instance:TestRunner.MyTestRunner2@55b0dcab]" started-at="2023-12-12T18:07:35 EST" name="runScenario" description="Runs Cucumber Scenarios" data-provider="scenarios" finished-at="2023-12-12T18:07:49 EST" duration-ms="14018" status="PASS">
          <params>
            <param index="0">
              <value>
                <![CDATA["Linked list page"]]>
              </value>
            </param>
            <param index="1">
              <value>
                <![CDATA["linked list feature"]]>
              </value>
            </param>
          </params>
          <reporter-output>
          </reporter-output>
        </test-method> <!-- runScenario -->
        <test-method signature="runScenario(io.cucumber.testng.PickleWrapper,io.cucumber.testng.FeatureWrapper)[pri:0, instance:TestRunner.MyTestRunner2@55b0dcab]" started-at="2023-12-12T18:07:37 EST" name="runScenario" description="Runs Cucumber Scenarios" data-provider="scenarios" finished-at="2023-12-12T18:08:02 EST" duration-ms="25479" status="PASS">
          <params>
            <param index="0">
              <value>
                <![CDATA["Linked list pages"]]>
              </value>
            </param>
            <param index="1">
              <value>
                <![CDATA["linked list feature"]]>
              </value>
            </param>
          </params>
          <reporter-output>
          </reporter-output>
        </test-method> <!-- runScenario -->
        <test-method signature="runScenario(io.cucumber.testng.PickleWrapper,io.cucumber.testng.FeatureWrapper)[pri:0, instance:TestRunner.MyTestRunner2@55b0dcab]" started-at="2023-12-12T18:07:38 EST" name="runScenario" description="Runs Cucumber Scenarios" data-provider="scenarios" finished-at="2023-12-12T18:07:53 EST" duration-ms="15423" status="PASS">
          <params>
            <param index="0">
              <value>
                <![CDATA["Linked list pages"]]>
              </value>
            </param>
            <param index="1">
              <value>
                <![CDATA["linked list feature"]]>
              </value>
            </param>
          </params>
          <reporter-output>
          </reporter-output>
        </test-method> <!-- runScenario -->
        <test-method signature="runScenario(io.cucumber.testng.PickleWrapper,io.cucumber.testng.FeatureWrapper)[pri:0, instance:TestRunner.MyTestRunner2@55b0dcab]" started-at="2023-12-12T18:07:38 EST" name="runScenario" description="Runs Cucumber Scenarios" data-provider="scenarios" finished-at="2023-12-12T18:07:49 EST" duration-ms="10699" status="PASS">
          <params>
            <param index="0">
              <value>
                <![CDATA["Linked list pages"]]>
              </value>
            </param>
            <param index="1">
              <value>
                <![CDATA["linked list feature"]]>
              </value>
            </param>
          </params>
          <reporter-output>
          </reporter-output>
        </test-method> <!-- runScenario -->
        <test-method signature="runScenario(io.cucumber.testng.PickleWrapper,io.cucumber.testng.FeatureWrapper)[pri:0, instance:TestRunner.MyTestRunner2@55b0dcab]" started-at="2023-12-12T18:07:38 EST" name="runScenario" description="Runs Cucumber Scenarios" data-provider="scenarios" finished-at="2023-12-12T18:07:47 EST" duration-ms="8808" status="PASS">
          <params>
            <param index="0">
              <value>
                <![CDATA["Linked list pages"]]>
              </value>
            </param>
            <param index="1">
              <value>
                <![CDATA["linked list feature"]]>
              </value>
            </param>
          </params>
          <reporter-output>
          </reporter-output>
        </test-method> <!-- runScenario -->
        <test-method signature="runScenario(io.cucumber.testng.PickleWrapper,io.cucumber.testng.FeatureWrapper)[pri:0, instance:TestRunner.MyTestRunner2@55b0dcab]" started-at="2023-12-12T18:07:38 EST" name="runScenario" description="Runs Cucumber Scenarios" data-provider="scenarios" finished-at="2023-12-12T18:07:50 EST" duration-ms="11323" status="PASS">
          <params>
            <param index="0">
              <value>
                <![CDATA["Linked list pages"]]>
              </value>
            </param>
            <param index="1">
              <value>
                <![CDATA["linked list feature"]]>
              </value>
            </param>
          </params>
          <reporter-output>
          </reporter-output>
        </test-method> <!-- runScenario -->
        <test-method signature="runScenario(io.cucumber.testng.PickleWrapper,io.cucumber.testng.FeatureWrapper)[pri:0, instance:TestRunner.MyTestRunner2@55b0dcab]" started-at="2023-12-12T18:07:44 EST" name="runScenario" description="Runs Cucumber Scenarios" data-provider="scenarios" finished-at="2023-12-12T18:07:58 EST" duration-ms="13837" status="PASS">
          <params>
            <param index="0">
              <value>
                <![CDATA["Linked list pages"]]>
              </value>
            </param>
            <param index="1">
              <value>
                <![CDATA["linked list feature"]]>
              </value>
            </param>
          </params>
          <reporter-output>
          </reporter-output>
        </test-method> <!-- runScenario -->
        <test-method signature="runScenario(io.cucumber.testng.PickleWrapper,io.cucumber.testng.FeatureWrapper)[pri:0, instance:TestRunner.MyTestRunner2@55b0dcab]" started-at="2023-12-12T18:07:44 EST" name="runScenario" description="Runs Cucumber Scenarios" data-provider="scenarios" finished-at="2023-12-12T18:08:03 EST" duration-ms="18393" status="PASS">
          <params>
            <param index="0">
              <value>
                <![CDATA["Queue Page"]]>
              </value>
            </param>
            <param index="1">
              <value>
                <![CDATA["Queue Page Feature"]]>
              </value>
            </param>
          </params>
          <reporter-output>
          </reporter-output>
        </test-method> <!-- runScenario -->
        <test-method signature="runScenario(io.cucumber.testng.PickleWrapper,io.cucumber.testng.FeatureWrapper)[pri:0, instance:TestRunner.MyTestRunner2@55b0dcab]" started-at="2023-12-12T18:07:44 EST" name="runScenario" description="Runs Cucumber Scenarios" data-provider="scenarios" finished-at="2023-12-12T18:07:53 EST" duration-ms="8745" status="PASS">
          <params>
            <param index="0">
              <value>
                <![CDATA["Register"]]>
              </value>
            </param>
            <param index="1">
              <value>
                <![CDATA["dsAlgoProject_Register"]]>
              </value>
            </param>
          </params>
          <reporter-output>
          </reporter-output>
        </test-method> <!-- runScenario -->
        <test-method signature="runScenario(io.cucumber.testng.PickleWrapper,io.cucumber.testng.FeatureWrapper)[pri:0, instance:TestRunner.MyTestRunner2@55b0dcab]" started-at="2023-12-12T18:07:45 EST" name="runScenario" description="Runs Cucumber Scenarios" data-provider="scenarios" finished-at="2023-12-12T18:07:53 EST" duration-ms="8241" status="PASS">
          <params>
            <param index="0">
              <value>
                <![CDATA["Check register is not successful with just username credentials entered"]]>
              </value>
            </param>
            <param index="1">
              <value>
                <![CDATA["dsAlgoProject_Register"]]>
              </value>
            </param>
          </params>
          <reporter-output>
          </reporter-output>
        </test-method> <!-- runScenario -->
        <test-method signature="runScenario(io.cucumber.testng.PickleWrapper,io.cucumber.testng.FeatureWrapper)[pri:0, instance:TestRunner.MyTestRunner2@55b0dcab]" started-at="2023-12-12T18:07:47 EST" name="runScenario" description="Runs Cucumber Scenarios" data-provider="scenarios" finished-at="2023-12-12T18:07:57 EST" duration-ms="10040" status="PASS">
          <params>
            <param index="0">
              <value>
                <![CDATA["Check register is not successful with Username and password credentials entered"]]>
              </value>
            </param>
            <param index="1">
              <value>
                <![CDATA["dsAlgoProject_Register"]]>
              </value>
            </param>
          </params>
          <reporter-output>
          </reporter-output>
        </test-method> <!-- runScenario -->
        <test-method signature="runScenario(io.cucumber.testng.PickleWrapper,io.cucumber.testng.FeatureWrapper)[pri:0, instance:TestRunner.MyTestRunner2@55b0dcab]" started-at="2023-12-12T18:07:49 EST" name="runScenario" description="Runs Cucumber Scenarios" data-provider="scenarios" finished-at="2023-12-12T18:07:57 EST" duration-ms="7826" status="PASS">
          <params>
            <param index="0">
              <value>
                <![CDATA["Check register is not successful with mismatch password and password confirmation credentials entered"]]>
              </value>
            </param>
            <param index="1">
              <value>
                <![CDATA["dsAlgoProject_Register"]]>
              </value>
            </param>
          </params>
          <reporter-output>
          </reporter-output>
        </test-method> <!-- runScenario -->
        <test-method signature="runScenario(io.cucumber.testng.PickleWrapper,io.cucumber.testng.FeatureWrapper)[pri:0, instance:TestRunner.MyTestRunner2@55b0dcab]" started-at="2023-12-12T18:07:49 EST" name="runScenario" description="Runs Cucumber Scenarios" data-provider="scenarios" finished-at="2023-12-12T18:08:03 EST" duration-ms="13648" status="PASS">
          <params>
            <param index="0">
              <value>
                <![CDATA["User enters valid Username,Password and Password Confirmation and clicks on the register button then account should be created"]]>
              </value>
            </param>
            <param index="1">
              <value>
                <![CDATA["dsAlgoProject_Register"]]>
              </value>
            </param>
          </params>
          <reporter-output>
          </reporter-output>
        </test-method> <!-- runScenario -->
        <test-method signature="runScenario(io.cucumber.testng.PickleWrapper,io.cucumber.testng.FeatureWrapper)[pri:0, instance:TestRunner.MyTestRunner2@55b0dcab]" started-at="2023-12-12T18:07:50 EST" name="runScenario" description="Runs Cucumber Scenarios" data-provider="scenarios" finished-at="2023-12-12T18:08:10 EST" duration-ms="20336" status="PASS">
          <params>
            <param index="0">
              <value>
                <![CDATA["validate dsalgo url"]]>
              </value>
            </param>
            <param index="1">
              <value>
                <![CDATA["feature to open dsago url and get started"]]>
              </value>
            </param>
          </params>
          <reporter-output>
          </reporter-output>
        </test-method> <!-- runScenario -->
        <test-method signature="runScenario(io.cucumber.testng.PickleWrapper,io.cucumber.testng.FeatureWrapper)[pri:0, instance:TestRunner.MyTestRunner2@55b0dcab]" started-at="2023-12-12T18:07:53 EST" name="runScenario" description="Runs Cucumber Scenarios" data-provider="scenarios" finished-at="2023-12-12T18:08:03 EST" duration-ms="9989" status="PASS">
          <params>
            <param index="0">
              <value>
                <![CDATA["Stack Page"]]>
              </value>
            </param>
            <param index="1">
              <value>
                <![CDATA["Stack Page Feature"]]>
              </value>
            </param>
          </params>
          <reporter-output>
          </reporter-output>
        </test-method> <!-- runScenario -->
        <test-method signature="runScenario(io.cucumber.testng.PickleWrapper,io.cucumber.testng.FeatureWrapper)[pri:0, instance:TestRunner.MyTestRunner2@55b0dcab]" started-at="2023-12-12T18:07:53 EST" name="runScenario" description="Runs Cucumber Scenarios" data-provider="scenarios" finished-at="2023-12-12T18:08:19 EST" duration-ms="26103" status="PASS">
          <params>
            <param index="0">
              <value>
                <![CDATA["Stack Page"]]>
              </value>
            </param>
            <param index="1">
              <value>
                <![CDATA["Stack Page Feature"]]>
              </value>
            </param>
          </params>
          <reporter-output>
          </reporter-output>
        </test-method> <!-- runScenario -->
        <test-method signature="runScenario(io.cucumber.testng.PickleWrapper,io.cucumber.testng.FeatureWrapper)[pri:0, instance:TestRunner.MyTestRunner2@55b0dcab]" started-at="2023-12-12T18:07:53 EST" name="runScenario" description="Runs Cucumber Scenarios" data-provider="scenarios" finished-at="2023-12-12T18:08:15 EST" duration-ms="22098" status="PASS">
          <params>
            <param index="0">
              <value>
                <![CDATA["Stack Page"]]>
              </value>
            </param>
            <param index="1">
              <value>
                <![CDATA["Stack Page Feature"]]>
              </value>
            </param>
          </params>
          <reporter-output>
          </reporter-output>
        </test-method> <!-- runScenario -->
        <test-method signature="runScenario(io.cucumber.testng.PickleWrapper,io.cucumber.testng.FeatureWrapper)[pri:0, instance:TestRunner.MyTestRunner2@55b0dcab]" started-at="2023-12-12T18:07:57 EST" name="runScenario" description="Runs Cucumber Scenarios" data-provider="scenarios" finished-at="2023-12-12T18:08:10 EST" duration-ms="13757" status="PASS">
          <params>
            <param index="0">
              <value>
                <![CDATA["Overview of Trees Page"]]>
              </value>
            </param>
            <param index="1">
              <value>
                <![CDATA["Stack Page Feature"]]>
              </value>
            </param>
          </params>
          <reporter-output>
          </reporter-output>
        </test-method> <!-- runScenario -->
        <test-method signature="runScenario(io.cucumber.testng.PickleWrapper,io.cucumber.testng.FeatureWrapper)[pri:0, instance:TestRunner.MyTestRunner2@55b0dcab]" started-at="2023-12-12T18:07:57 EST" name="runScenario" description="Runs Cucumber Scenarios" data-provider="scenarios" finished-at="2023-12-12T18:08:20 EST" duration-ms="23262" status="PASS">
          <params>
            <param index="0">
              <value>
                <![CDATA["Terminologies"]]>
              </value>
            </param>
            <param index="1">
              <value>
                <![CDATA["Stack Page Feature"]]>
              </value>
            </param>
          </params>
          <reporter-output>
          </reporter-output>
        </test-method> <!-- runScenario -->
        <test-method signature="runScenario(io.cucumber.testng.PickleWrapper,io.cucumber.testng.FeatureWrapper)[pri:0, instance:TestRunner.MyTestRunner2@55b0dcab]" started-at="2023-12-12T18:07:58 EST" name="runScenario" description="Runs Cucumber Scenarios" data-provider="scenarios" finished-at="2023-12-12T18:08:19 EST" duration-ms="20616" status="PASS">
          <params>
            <param index="0">
              <value>
                <![CDATA["TypesofTrees"]]>
              </value>
            </param>
            <param index="1">
              <value>
                <![CDATA["Stack Page Feature"]]>
              </value>
            </param>
          </params>
          <reporter-output>
          </reporter-output>
        </test-method> <!-- runScenario -->
        <test-method signature="runScenario(io.cucumber.testng.PickleWrapper,io.cucumber.testng.FeatureWrapper)[pri:0, instance:TestRunner.MyTestRunner2@55b0dcab]" started-at="2023-12-12T18:08:02 EST" name="runScenario" description="Runs Cucumber Scenarios" data-provider="scenarios" finished-at="2023-12-12T18:08:11 EST" duration-ms="8592" status="PASS">
          <params>
            <param index="0">
              <value>
                <![CDATA["TreeTraversals"]]>
              </value>
            </param>
            <param index="1">
              <value>
                <![CDATA["Stack Page Feature"]]>
              </value>
            </param>
          </params>
          <reporter-output>
          </reporter-output>
        </test-method> <!-- runScenario -->
        <test-method signature="runScenario(io.cucumber.testng.PickleWrapper,io.cucumber.testng.FeatureWrapper)[pri:0, instance:TestRunner.MyTestRunner2@55b0dcab]" started-at="2023-12-12T18:08:03 EST" name="runScenario" description="Runs Cucumber Scenarios" data-provider="scenarios" finished-at="2023-12-12T18:08:20 EST" duration-ms="17627" status="PASS">
          <params>
            <param index="0">
              <value>
                <![CDATA["TraversalsIllustration"]]>
              </value>
            </param>
            <param index="1">
              <value>
                <![CDATA["Stack Page Feature"]]>
              </value>
            </param>
          </params>
          <reporter-output>
          </reporter-output>
        </test-method> <!-- runScenario -->
        <test-method signature="runScenario(io.cucumber.testng.PickleWrapper,io.cucumber.testng.FeatureWrapper)[pri:0, instance:TestRunner.MyTestRunner2@55b0dcab]" started-at="2023-12-12T18:08:03 EST" name="runScenario" description="Runs Cucumber Scenarios" data-provider="scenarios" finished-at="2023-12-12T18:08:14 EST" duration-ms="10855" status="PASS">
          <params>
            <param index="0">
              <value>
                <![CDATA["BinaryTrees"]]>
              </value>
            </param>
            <param index="1">
              <value>
                <![CDATA["Stack Page Feature"]]>
              </value>
            </param>
          </params>
          <reporter-output>
          </reporter-output>
        </test-method> <!-- runScenario -->
        <test-method signature="runScenario(io.cucumber.testng.PickleWrapper,io.cucumber.testng.FeatureWrapper)[pri:0, instance:TestRunner.MyTestRunner2@55b0dcab]" started-at="2023-12-12T18:08:03 EST" name="runScenario" description="Runs Cucumber Scenarios" data-provider="scenarios" finished-at="2023-12-12T18:08:12 EST" duration-ms="8577" status="PASS">
          <params>
            <param index="0">
              <value>
                <![CDATA["TypesofBinaryTrees"]]>
              </value>
            </param>
            <param index="1">
              <value>
                <![CDATA["Stack Page Feature"]]>
              </value>
            </param>
          </params>
          <reporter-output>
          </reporter-output>
        </test-method> <!-- runScenario -->
        <test-method signature="runScenario(io.cucumber.testng.PickleWrapper,io.cucumber.testng.FeatureWrapper)[pri:0, instance:TestRunner.MyTestRunner2@55b0dcab]" started-at="2023-12-12T18:08:10 EST" name="runScenario" description="Runs Cucumber Scenarios" data-provider="scenarios" finished-at="2023-12-12T18:08:19 EST" duration-ms="9418" status="PASS">
          <params>
            <param index="0">
              <value>
                <![CDATA["ImplementationinPython"]]>
              </value>
            </param>
            <param index="1">
              <value>
                <![CDATA["Stack Page Feature"]]>
              </value>
            </param>
          </params>
          <reporter-output>
          </reporter-output>
        </test-method> <!-- runScenario -->
        <test-method signature="runScenario(io.cucumber.testng.PickleWrapper,io.cucumber.testng.FeatureWrapper)[pri:0, instance:TestRunner.MyTestRunner2@55b0dcab]" started-at="2023-12-12T18:08:10 EST" name="runScenario" description="Runs Cucumber Scenarios" data-provider="scenarios" finished-at="2023-12-12T18:08:21 EST" duration-ms="10212" status="PASS">
          <params>
            <param index="0">
              <value>
                <![CDATA["BinaryTreeTraversals"]]>
              </value>
            </param>
            <param index="1">
              <value>
                <![CDATA["Stack Page Feature"]]>
              </value>
            </param>
          </params>
          <reporter-output>
          </reporter-output>
        </test-method> <!-- runScenario -->
        <test-method signature="runScenario(io.cucumber.testng.PickleWrapper,io.cucumber.testng.FeatureWrapper)[pri:0, instance:TestRunner.MyTestRunner2@55b0dcab]" started-at="2023-12-12T18:08:11 EST" name="runScenario" description="Runs Cucumber Scenarios" data-provider="scenarios" finished-at="2023-12-12T18:08:21 EST" duration-ms="10020" status="PASS">
          <params>
            <param index="0">
              <value>
                <![CDATA["ImplementationofBinaryTrees"]]>
              </value>
            </param>
            <param index="1">
              <value>
                <![CDATA["Stack Page Feature"]]>
              </value>
            </param>
          </params>
          <reporter-output>
          </reporter-output>
        </test-method> <!-- runScenario -->
        <test-method signature="runScenario(io.cucumber.testng.PickleWrapper,io.cucumber.testng.FeatureWrapper)[pri:0, instance:TestRunner.MyTestRunner2@55b0dcab]" started-at="2023-12-12T18:08:12 EST" name="runScenario" description="Runs Cucumber Scenarios" data-provider="scenarios" finished-at="2023-12-12T18:08:20 EST" duration-ms="8889" status="PASS">
          <params>
            <param index="0">
              <value>
                <![CDATA["ApplicationsofBinarytrees"]]>
              </value>
            </param>
            <param index="1">
              <value>
                <![CDATA["Stack Page Feature"]]>
              </value>
            </param>
          </params>
          <reporter-output>
          </reporter-output>
        </test-method> <!-- runScenario -->
        <test-method signature="runScenario(io.cucumber.testng.PickleWrapper,io.cucumber.testng.FeatureWrapper)[pri:0, instance:TestRunner.MyTestRunner2@55b0dcab]" started-at="2023-12-12T18:08:14 EST" name="runScenario" description="Runs Cucumber Scenarios" data-provider="scenarios" finished-at="2023-12-12T18:08:21 EST" duration-ms="6888" status="PASS">
          <params>
            <param index="0">
              <value>
                <![CDATA["BinarySearchTrees"]]>
              </value>
            </param>
            <param index="1">
              <value>
                <![CDATA["Stack Page Feature"]]>
              </value>
            </param>
          </params>
          <reporter-output>
          </reporter-output>
        </test-method> <!-- runScenario -->
        <test-method signature="runScenario(io.cucumber.testng.PickleWrapper,io.cucumber.testng.FeatureWrapper)[pri:0, instance:TestRunner.MyTestRunner2@55b0dcab]" started-at="2023-12-12T18:08:15 EST" name="runScenario" description="Runs Cucumber Scenarios" data-provider="scenarios" finished-at="2023-12-12T18:08:20 EST" duration-ms="5067" status="PASS">
          <params>
            <param index="0">
              <value>
                <![CDATA["ImplementationOfBST"]]>
              </value>
            </param>
            <param index="1">
              <value>
                <![CDATA["Stack Page Feature"]]>
              </value>
            </param>
          </params>
          <reporter-output>
          </reporter-output>
        </test-method> <!-- runScenario -->
        <test-method is-config="true" signature="tearDownClass()[pri:0, instance:TestRunner.MyTestRunner2@55b0dcab]" started-at="2023-12-12T18:08:21 EST" name="tearDownClass" finished-at="2023-12-12T18:08:26 EST" duration-ms="5670" status="PASS">
          <reporter-output>
          </reporter-output>
        </test-method> <!-- tearDownClass -->
      </class> <!-- TestRunner.MyTestRunner2 -->
    </test> <!-- Default test -->
  </suite> <!-- Default suite -->
</testng-results>
